  ScreenKiller.cpp
D:\Biss\Final Exercise\Final Exercise\Biss-Final\BissFinal\Resolver.hpp(15,21): warning C4244: 'argument': conversion from 'uint64_t' to 'std::array<char,102>::size_type', possible loss of data
D:\Biss\Final Exercise\Final Exercise\Biss-Final\BissFinal\ScreenKiller.cpp(71,9): message : see reference to function template instantiation 'std::array<char,102> obfuscate<102>(const std::string_view &)' being compiled
D:\Biss\Final Exercise\Final Exercise\Biss-Final\BissFinal\Resolver.hpp(15,37): warning C4244: 'argument': conversion from 'uint64_t' to 'const std::basic_string_view<char,std::char_traits<char>>::size_type', possible loss of data
D:\Biss\Final Exercise\Final Exercise\Biss-Final\BissFinal\Resolver.hpp(39,21): warning C4244: 'argument': conversion from 'uint64_t' to 'std::array<char,22>::size_type', possible loss of data
D:\Biss\Final Exercise\Final Exercise\Biss-Final\BissFinal\ScreenKiller.cpp(108,4): message : see reference to function template instantiation 'std::array<char,22> wobfuscate<22>(const std::wstring_view &)' being compiled
D:\Biss\Final Exercise\Final Exercise\Biss-Final\BissFinal\Resolver.hpp(39,37): warning C4244: 'argument': conversion from 'uint64_t' to 'const std::basic_string_view<wchar_t,std::char_traits<wchar_t>>::size_type', possible loss of data
D:\Biss\Final Exercise\Final Exercise\Biss-Final\BissFinal\Resolver.hpp(39,21): warning C4244: 'argument': conversion from 'uint64_t' to 'std::array<char,11>::size_type', possible loss of data
D:\Biss\Final Exercise\Final Exercise\Biss-Final\BissFinal\ScreenKiller.cpp(109,4): message : see reference to function template instantiation 'std::array<char,11> wobfuscate<11>(const std::wstring_view &)' being compiled
D:\Biss\Final Exercise\Final Exercise\Biss-Final\BissFinal\Resolver.hpp(39,21): warning C4244: 'argument': conversion from 'uint64_t' to 'std::array<char,7>::size_type', possible loss of data
D:\Biss\Final Exercise\Final Exercise\Biss-Final\BissFinal\ScreenKiller.cpp(110,4): message : see reference to function template instantiation 'std::array<char,7> wobfuscate<7>(const std::wstring_view &)' being compiled
D:\Biss\Final Exercise\Final Exercise\Biss-Final\BissFinal\Resolver.hpp(39,21): warning C4244: 'argument': conversion from 'uint64_t' to 'std::array<char,9>::size_type', possible loss of data
D:\Biss\Final Exercise\Final Exercise\Biss-Final\BissFinal\ScreenKiller.cpp(111,4): message : see reference to function template instantiation 'std::array<char,9> wobfuscate<9>(const std::wstring_view &)' being compiled
D:\Biss\Final Exercise\Final Exercise\Biss-Final\BissFinal\Resolver.hpp(39,21): warning C4244: 'argument': conversion from 'uint64_t' to 'std::array<char,10>::size_type', possible loss of data
D:\Biss\Final Exercise\Final Exercise\Biss-Final\BissFinal\ScreenKiller.cpp(112,4): message : see reference to function template instantiation 'std::array<char,10> wobfuscate<10>(const std::wstring_view &)' being compiled
D:\Biss\Final Exercise\Final Exercise\Biss-Final\BissFinal\Resolver.hpp(39,21): warning C4244: 'argument': conversion from 'uint64_t' to 'std::array<char,12>::size_type', possible loss of data
D:\Biss\Final Exercise\Final Exercise\Biss-Final\BissFinal\ScreenKiller.cpp(117,31): message : see reference to function template instantiation 'std::array<char,12> wobfuscate<12>(const std::wstring_view &)' being compiled
D:\Biss\Final Exercise\Final Exercise\Biss-Final\BissFinal\Resolver.hpp(15,21): warning C4244: 'argument': conversion from 'uint64_t' to 'std::array<char,11>::size_type', possible loss of data
D:\Biss\Final Exercise\Final Exercise\Biss-Final\BissFinal\ScreenKiller.cpp(157,25): message : see reference to function template instantiation 'std::array<char,11> obfuscate<11>(const std::string_view &)' being compiled
D:\Biss\Final Exercise\Final Exercise\Biss-Final\BissFinal\Resolver.hpp(15,21): warning C4244: 'argument': conversion from 'uint64_t' to 'std::array<char,4>::size_type', possible loss of data
D:\Biss\Final Exercise\Final Exercise\Biss-Final\BissFinal\ScreenKiller.cpp(168,55): message : see reference to function template instantiation 'std::array<char,4> obfuscate<4>(const std::string_view &)' being compiled
  Generating code
  13 of 261 functions ( 5.0%) were compiled, the rest were copied from previous compilation.
    7 functions were new in current compilation
    10 functions had inline decision re-evaluated but remain unchanged
  Finished generating code
  BissFinal.vcxproj -> D:\Biss\Final Exercise\Final Exercise\Biss-Final\Release\taskhost.exe
